#
# There is insufficient memory for the Java Runtime Environment to continue.
# Native memory allocation (mmap) failed to map 268435456 bytes for Failed to commit area from 0x0000000700e00000 to 0x0000000710e00000 of length 268435456.
# Possible reasons:
#   The system is out of physical RAM or swap space
#   The process is running with CompressedOops enabled, and the Java Heap may be blocking the growth of the native heap
# Possible solutions:
#   Reduce memory load on the system
#   Increase physical memory or swap space
#   Check if swap backing store is full
#   Decrease Java heap size (-Xmx/-Xms)
#   Decrease number of Java threads
#   Decrease Java thread stack sizes (-Xss)
#   Set larger code cache with -XX:ReservedCodeCacheSize=
# This output file may be truncated or incomplete.
#
#  Out of Memory Error (./open/src/hotspot/os/windows/os_windows.cpp:3273), pid=26384, tid=3708
#
# JRE version:  (11.0.12+8) (build )
# Java VM: Java HotSpot(TM) 64-Bit Server VM (11.0.12+8-LTS-237, mixed mode, sharing, tiered, compressed oops, g1 gc, windows-amd64)
# No core dump will be written. Minidumps are not enabled by default on client versions of Windows
#

---------------  S U M M A R Y ------------

Command Line: -ea -Didea.test.cyclic.buffer.size=1048576 -javaagent:C:\Program Files\JetBrains\IntelliJ IDEA 2022.3.1\lib\idea_rt.jar=55225:C:\Program Files\JetBrains\IntelliJ IDEA 2022.3.1\bin -Dfile.encoding=UTF-8 com.intellij.rt.junit.JUnitStarter -ideVersion5 -junit5 hello.hellospring.service.MemberServiceIntergrationTest,회원가입

Host: Intel(R) Core(TM) i7-10700 CPU @ 2.90GHz, 16 cores, 15G,  Windows 10 , 64 bit Build 19041 (10.0.19041.2546)
Time: Tue Mar 21 16:47:09 2023 대한민국 표준시 elapsed time: 0.014077 seconds (0d 0h 0m 0s)

---------------  T H R E A D  ---------------

Current thread (0x0000019babb2e800):  JavaThread "Unknown thread" [_thread_in_vm, id=3708, stack(0x0000000998600000,0x0000000998700000)]

Stack: [0x0000000998600000,0x0000000998700000]
Native frames: (J=compiled Java code, j=interpreted, Vv=VM code, C=native code)
V  [jvm.dll+0x617d9a]
V  [jvm.dll+0x74eeef]
V  [jvm.dll+0x750599]
V  [jvm.dll+0x750c23]
V  [jvm.dll+0x2438d8]
V  [jvm.dll+0x61518a]
V  [jvm.dll+0x609f45]
V  [jvm.dll+0x2f85cc]
V  [jvm.dll+0x2f8452]
V  [jvm.dll+0x2fd106]
V  [jvm.dll+0x33f6ef]
V  [jvm.dll+0x33f120]
V  [jvm.dll+0x2d5ca8]
V  [jvm.dll+0x2d6e06]
V  [jvm.dll+0x72a977]
V  [jvm.dll+0x72c21f]
V  [jvm.dll+0x34c469]
V  [jvm.dll+0x710400]
V  [jvm.dll+0x3b5baf]
V  [jvm.dll+0x3b7cb1]
C  [jli.dll+0x520b]
C  [ucrtbase.dll+0x21bb2]
C  [KERNEL32.DLL+0x17614]
C  [ntdll.dll+0x526a1]


---------------  P R O C E S S  ---------------

Threads class SMR info:
_java_thread_list=0x0000019ba9973ab0, length=0, elements={
}

Java Threads: ( => current thread )

Other Threads:
  0x0000019babb44800 GCTaskThread "GC Thread#0" [stack: 0x0000000998700000,0x0000000998800000] [id=24856]
  0x0000019babba2000 ConcurrentGCThread "G1 Main Marker" [stack: 0x0000000998800000,0x0000000998900000] [id=18668]
  0x0000019babba3800 ConcurrentGCThread "G1 Conc#0" [stack: 0x0000000998900000,0x0000000998a00000] [id=12276]

[error occurred during error reporting (printing all threads), id 0xc0000005, EXCEPTION_ACCESS_VIOLATION (0xc0000005) at pc=0x00007fff88224f37]

VM state:not at safepoint (not fully initialized)

VM Mutex/Monitor currently owned by a thread:  ([mutex/lock_event])
[0x0000019babb29fe0] Heap_lock - owner thread: 0x0000019babb2e800

Heap address: 0x0000000700e00000, size: 4082 MB, Compressed Oops mode: Non-zero based: 0x0000000700e00000
Narrow klass base: 0x0000000000000000, Narrow klass shift: 0

GC Heap History (0 events):
No events

Deoptimization events (0 events):
No events

Classes redefined (0 events):
No events

Internal exceptions (0 events):
No events

Events (0 events):
No events


Dynamic libraries:
0x00007ff63e430000 - 0x00007ff63e43f000 	C:\Program Files\Java\jdk-11.0.12\bin\java.exe
0x00007fffbc070000 - 0x00007fffbc268000 	C:\Windows\SYSTEM32\ntdll.dll
0x00007fffbb490000 - 0x00007fffbb54f000 	C:\Windows\System32\KERNEL32.DLL
0x00007fffb9b30000 - 0x00007fffb9e02000 	C:\Windows\System32\KERNELBASE.dll
0x00007fffb9a30000 - 0x00007fffb9b30000 	C:\Windows\System32\ucrtbase.dll
0x00007fff96770000 - 0x00007fff96785000 	C:\Program Files\Java\jdk-11.0.12\bin\VCRUNTIME140.dll
0x00007fff98200000 - 0x00007fff98218000 	C:\Program Files\Java\jdk-11.0.12\bin\jli.dll
0x00007fffbb550000 - 0x00007fffbb5fe000 	C:\Windows\System32\ADVAPI32.dll
0x00007fffbab80000 - 0x00007fffbac1e000 	C:\Windows\System32\msvcrt.dll
0x00007fffbae70000 - 0x00007fffbaf0c000 	C:\Windows\System32\sechost.dll
0x00007fffbac90000 - 0x00007fffbadb4000 	C:\Windows\System32\RPCRT4.dll
0x00007fffbbca0000 - 0x00007fffbbe41000 	C:\Windows\System32\USER32.dll
0x00007fffb9770000 - 0x00007fffb9792000 	C:\Windows\System32\win32u.dll
0x00007fffba9c0000 - 0x00007fffba9eb000 	C:\Windows\System32\GDI32.dll
0x00007fffb9eb0000 - 0x00007fffb9fbf000 	C:\Windows\System32\gdi32full.dll
0x00007fffa61d0000 - 0x00007fffa646a000 	C:\Windows\WinSxS\amd64_microsoft.windows.common-controls_6595b64144ccf1df_6.0.19041.1110_none_60b5254171f9507e\COMCTL32.dll
0x00007fffb9e10000 - 0x00007fffb9ead000 	C:\Windows\System32\msvcp_win.dll
0x00007fffb11a0000 - 0x00007fffb11aa000 	C:\Windows\SYSTEM32\VERSION.dll
0x00007fffbbe50000 - 0x00007fffbbe80000 	C:\Windows\System32\IMM32.DLL
0x00007fff88a40000 - 0x00007fff88adb000 	C:\Program Files\Java\jdk-11.0.12\bin\msvcp140.dll
0x00007fff87f40000 - 0x00007fff88a3f000 	C:\Program Files\Java\jdk-11.0.12\bin\server\jvm.dll
0x00007fffba9f0000 - 0x00007fffba9f8000 	C:\Windows\System32\PSAPI.DLL
0x00007fffaf5a0000 - 0x00007fffaf5c7000 	C:\Windows\SYSTEM32\WINMM.dll
0x00007fffa2dc0000 - 0x00007fffa2dc9000 	C:\Windows\SYSTEM32\WSOCK32.dll
0x00007fffbac20000 - 0x00007fffbac8b000 	C:\Windows\System32\WS2_32.dll
0x00007fffb7610000 - 0x00007fffb7622000 	C:\Windows\SYSTEM32\kernel.appcore.dll
0x00007fffa8c40000 - 0x00007fffa8c50000 	C:\Program Files\Java\jdk-11.0.12\bin\verify.dll
0x00007fffa71c0000 - 0x00007fffa73a4000 	C:\Windows\SYSTEM32\DBGHELP.DLL
0x00007fffa7180000 - 0x00007fffa71b5000 	C:\Windows\SYSTEM32\dbgcore.DLL
0x00007fffb99a0000 - 0x00007fffb9a22000 	C:\Windows\System32\bcryptPrimitives.dll
0x00007fff95e00000 - 0x00007fff95e28000 	C:\Program Files\Java\jdk-11.0.12\bin\java.dll
0x00007fffa3a60000 - 0x00007fffa3a6a000 	C:\Program Files\Java\jdk-11.0.12\bin\jimage.dll
0x00007fffb6400000 - 0x00007fffb640e000 	C:\Program Files\Java\jdk-11.0.12\bin\instrument.dll
0x00007fff92c70000 - 0x00007fff92c86000 	C:\Program Files\Java\jdk-11.0.12\bin\zip.dll

dbghelp: loaded successfully - version: 4.0.5 - missing functions: none
symbol engine: initialized successfully - sym options: 0x614 - pdb path: .;C:\Program Files\Java\jdk-11.0.12\bin;C:\Windows\SYSTEM32;C:\Windows\WinSxS\amd64_microsoft.windows.common-controls_6595b64144ccf1df_6.0.19041.1110_none_60b5254171f9507e;C:\Program Files\Java\jdk-11.0.12\bin\server

VM Arguments:
jvm_args: -ea -Didea.test.cyclic.buffer.size=1048576 -javaagent:C:\Program Files\JetBrains\IntelliJ IDEA 2022.3.1\lib\idea_rt.jar=55225:C:\Program Files\JetBrains\IntelliJ IDEA 2022.3.1\bin -Dfile.encoding=UTF-8 
java_command: com.intellij.rt.junit.JUnitStarter -ideVersion5 -junit5 hello.hellospring.service.MemberServiceIntergrationTest,회원가입
java_class_path (initial): C:\Users\thefc\.m2\repository\org\junit\platform\junit-platform-launcher\1.8.2\junit-platform-launcher-1.8.2.jar;C:\Users\thefc\.m2\repository\org\junit\platform\junit-platform-engine\1.8.2\junit-platform-engine-1.8.2.jar;C:\Users\thefc\.m2\repository\org\opentest4j\opentest4j\1.2.0\opentest4j-1.2.0.jar;C:\Users\thefc\.m2\repository\org\junit\platform\junit-platform-commons\1.8.2\junit-platform-commons-1.8.2.jar;C:\Users\thefc\.m2\repository\org\apiguardian\apiguardian-api\1.1.2\apiguardian-api-1.1.2.jar;C:\Program Files\JetBrains\IntelliJ IDEA 2022.3.1\lib\idea_rt.jar;C:\Program Files\JetBrains\IntelliJ IDEA 2022.3.1\plugins\junit\lib\junit5-rt.jar;C:\Program Files\JetBrains\IntelliJ IDEA 2022.3.1\plugins\junit\lib\junit-rt.jar;C:\hello-spring\out\test\classes;C:\hello-spring\out\production\classes;C:\hello-spring\out\production\resources;C:\Users\thefc\.gradle\caches\modules-2\files-2.1\org.springframework.boot\spring-boot-starter-thymeleaf\2.7.9\4bceaabd964cfa20ebc8464dd3c257fe74e18ecf\spring-boot-starter-thymeleaf-2.7.9.jar;C:\Users\thefc\.gradle\caches\modules-2\files-2.1\org.springframework.boot\spring-boot-starter-web\2.7.9\e745a069e2b7ca51e378fcbc397d14dd82178199\spring-boot-starter-web-2.7.9.jar;C:\Users\thefc\.gradle\caches\modules-2\files-2.1\org.springframework.boot\spring-boot-starter-jdbc\2.7.9\e09f4ac40a09826c3eff01369d5b56e2abcea9c9\spring-boot-starter-jdbc-2.7.9.jar;C:\Users\thefc\.gradle\caches\modules-2\files-2.1\org.springframework.boot\spring-boot-starter-test\2.7.9\45bfc2fc9537a082aabb8cbca99c05e937033fab\spring-boot-starter-test-2.7.9.jar;C:\Users\thefc\.gradle\caches\modules-2\files-2.1\org.springframework.boot\spring-boot-starter\2.7.9\19f855d327f68690cf630698e4e41c3afe134a83\spring-boot-starter-2.7.9.jar;C:\Users\thefc\.gradle\caches\modules-2\files-2.1\org.thymeleaf\thymeleaf-spring5\3.0.15.RELEASE\7170e1bcd1588d38c139f7048ebcc262676441c3\thymeleaf-spring5-3.0.15.RELEASE.jar;C:\Users\thefc\.gradle\caches\module
Launcher Type: SUN_STANDARD

[Global flags]
     intx CICompilerCount                          = 12                                        {product} {ergonomic}
     uint ConcGCThreads                            = 3                                         {product} {ergonomic}
     uint G1ConcRefinementThreads                  = 13                                        {product} {ergonomic}
   size_t G1HeapRegionSize                         = 1048576                                   {product} {ergonomic}
    uintx GCDrainStackTargetSize                   = 64                                        {product} {ergonomic}
   size_t InitialHeapSize                          = 268435456                                 {product} {ergonomic}
   size_t MarkStackSize                            = 4194304                                   {product} {ergonomic}
   size_t MaxHeapSize                              = 4280287232                                {product} {ergonomic}
   size_t MinHeapDeltaBytes                        = 1048576                                   {product} {ergonomic}
    uintx NonNMethodCodeHeapSize                   = 7594288                                {pd product} {ergonomic}
    uintx NonProfiledCodeHeapSize                  = 122031976                              {pd product} {ergonomic}
    uintx ProfiledCodeHeapSize                     = 122031976                              {pd product} {ergonomic}
    uintx ReservedCodeCacheSize                    = 251658240                              {pd product} {ergonomic}
     bool SegmentedCodeCache                       = true                                      {product} {ergonomic}
     bool UseCompressedClassPointers               = true                                 {lp64_product} {ergonomic}
     bool UseCompressedOops                        = true                                 {lp64_product} {ergonomic}
     bool UseG1GC                                  = true                                      {product} {ergonomic}
     bool UseLargePagesIndividualAllocation        = false                                  {pd product} {ergonomic}

Logging:
Log output configuration:
 #0: stdout all=warning uptime,level,tags
 #1: stderr all=off uptime,level,tags

Environment Variables:
JAVA_HOME=C:\Program Files\Java\jdk-11.0.12
PATH=C:\Program Files\Zulu\zulu-8\bin\;C:\Program Files\Common Files\Oracle\Java\javapath;C:\Windows\system32;C:\Windows;C:\Windows\System32\Wbem;C:\Windows\System32\WindowsPowerShell\v1.0\;C:\Windows\System32\OpenSSH\;C:\Program Files (x86)\NVIDIA Corporation\PhysX\Common;C:\Program Files\NVIDIA Corporation\NVIDIA NvDLISR;C:\xampp\php;C:\ProgramData\ComposerSetup\bin;C:\Program Files\nodejs\;C:\Users\thefc\AppData\Local\Android\Sdk\emulator;C:\Users\thefc\AppData\Local\Android\Sdk\platfor-tools;C:\Users\thefc\AppData\Local\Android\Sdk\tools;C:\Program Files\Java\jdk-11.0.12\bin;C:\Program Files\Git\cmd;C:\Program Files\PuTTY\;C:\Program Files\MariaDB\MariaDB Connector C 64-bit\lib\;C:\Program Files\MariaDB\MariaDB Connector C 64-bit\lib\plugin\;C:\Program Files\MySQL\MySQL Shell 8.0\bin\;C:\Users\thefc\anaconda3;C:\Users\thefc\anaconda3\Library\mingw-w64\bin;C:\Users\thefc\anaconda3\Library\usr\bin;C:\Users\thefc\anaconda3\Library\bin;C:\Users\thefc\anaconda3\Scripts;C:\Users\thefc\AppData\Local\Programs\Python\Python38-32\Scripts\;C:\Users\thefc\AppData\Local\Programs\Python\Python38-32\;C:\Users\thefc\AppData\Local\Microsoft\WindowsApps;C:\Users\thefc\AppData\Roaming\Composer\vendor\bin;C:\Users\thefc\AppData\Roaming\npm;C:\Program Files\nodejs;C:\Users\thefc\Desktop\guk\flutter\bin;C:\Users\thefc\AppData\Local\GitHubDesktop\bin;C:\Program Files\JetBrains\IntelliJ IDEA 2021.1.3\bin;;C:\Program Files\MySQL\MySQL Workbench 8.0;C:\Program Files\JetBrains\PhpStorm 2021.2.3\bin;;C:\Program Files\Java\jdk-11.0.12\lib;;C:\Users\thefc\AppData\Local\Programs\Microsoft VS Code\bin;C:\Users\thefc\AppData\Local\Programs\EmEditor
USERNAME=thefc
OS=Windows_NT
PROCESSOR_IDENTIFIER=Intel64 Family 6 Model 165 Stepping 5, GenuineIntel



---------------  S Y S T E M  ---------------

OS: Windows 10 , 64 bit Build 19041 (10.0.19041.2546)
Hyper-V role detected

CPU:total 16 (initial active 16) (8 cores per cpu, 2 threads per core) family 6 model 165 stepping 5 microcode 0xca, cmov, cx8, fxsr, mmx, sse, sse2, sse3, ssse3, sse4.1, sse4.2, popcnt, avx, avx2, aes, clmul, erms, 3dnowpref, lzcnt, ht, tsc, tscinvbit, bmi1, bmi2, adx, fma

Memory: 4k page, system-wide physical 16322M (3720M free)
TotalPageFile size 16322M (AvailPageFile size 194M)
current process WorkingSet (physical memory assigned to process): 10M, peak: 10M
current process commit charge ("private bytes"): 71M, peak: 327M

vm_info: Java HotSpot(TM) 64-Bit Server VM (11.0.12+8-LTS-237) for windows-amd64 JRE (11.0.12+8-LTS-237), built on Jun  8 2021 11:25:59 by "mach5one" with MS VC++ 15.9 (VS2017)

END.
